Heap:
 PSYoungGen      total 28672K, used 20884K [0x00000000e0400000, 0x00000000e4600000, 0x0000000100000000)
  eden space 24576K, 84% used [0x00000000e0400000,0x00000000e1865080,0x00000000e1c00000)
  from space 4096K, 0% used [0x00000000e1c00000,0x00000000e1c00000,0x00000000e2000000)
  to   space 9216K, 0% used [0x00000000e3d00000,0x00000000e3d00000,0x00000000e4600000)
 ParOldGen       total 39424K, used 5859K [0x00000000a0c00000, 0x00000000a3280000, 0x00000000e0400000)
  object space 39424K, 14% used [0x00000000a0c00000,0x00000000a11b8eb0,0x00000000a3280000)
 Metaspace       used 22994K, capacity 23336K, committed 23680K, reserved 1069056K
  class space    used 3027K, capacity 3111K, committed 3200K, reserved 1048576K
GC Heap History (10 events):
Event: 6.516 GC heap before
{Heap before GC invocations=2 (full 0):
 PSYoungGen      total 28672K, used 25951K [0x00000000e0400000, 0x00000000e2400000, 0x0000000100000000)
  eden space 24576K, 100% used [0x00000000e0400000,0x00000000e1c00000,0x00000000e1c00000)
  from space 4096K, 33% used [0x00000000e1c00000,0x00000000e1d57f30,0x00000000e2000000)
  to   space 4096K, 0% used [0x00000000e2000000,0x00000000e2000000,0x00000000e2400000)
 ParOldGen       total 65536K, used 0K [0x00000000a0c00000, 0x00000000a4c00000, 0x00000000e0400000)
  object space 65536K, 0% used [0x00000000a0c00000,0x00000000a0c00000,0x00000000a4c00000)
 Metaspace       used 11377K, capacity 11550K, committed 11776K, reserved 1058816K
  class space    used 1471K, capacity 1523K, committed 1536K, reserved 1048576K
Event: 6.539 GC heap after
Heap after GC invocations=2 (full 0):
 PSYoungGen      total 28672K, used 4081K [0x00000000e0400000, 0x00000000e2400000, 0x0000000100000000)
  eden space 24576K, 0% used [0x00000000e0400000,0x00000000e0400000,0x00000000e1c00000)
  from space 4096K, 99% used [0x00000000e2000000,0x00000000e23fc4a8,0x00000000e2400000)
  to   space 4096K, 0% used [0x00000000e1c00000,0x00000000e1c00000,0x00000000e2000000)
 ParOldGen       total 65536K, used 879K [0x00000000a0c00000, 0x00000000a4c00000, 0x00000000e0400000)
  object space 65536K, 1% used [0x00000000a0c00000,0x00000000a0cdbef0,0x00000000a4c00000)
 Metaspace       used 11377K, capacity 11550K, committed 11776K, reserved 1058816K
  class space    used 1471K, capacity 1523K, committed 1536K, reserved 1048576K
}
Event: 10.721 GC heap before
{Heap before GC invocations=3 (full 0):
 PSYoungGen      total 28672K, used 28657K [0x00000000e0400000, 0x00000000e2400000, 0x0000000100000000)
  eden space 24576K, 100% used [0x00000000e0400000,0x00000000e1c00000,0x00000000e1c00000)
  from space 4096K, 99% used [0x00000000e2000000,0x00000000e23fc4a8,0x00000000e2400000)
  to   space 4096K, 0% used [0x00000000e1c00000,0x00000000e1c00000,0x00000000e2000000)
 ParOldGen       total 65536K, used 879K [0x00000000a0c00000, 0x00000000a4c00000, 0x00000000e0400000)
  object space 65536K, 1% used [0x00000000a0c00000,0x00000000a0cdbef0,0x00000000a4c00000)
 Metaspace       used 17009K, capacity 17250K, committed 17408K, reserved 1064960K
  class space    used 2184K, capacity 2255K, committed 2304K, reserved 1048576K
Event: 10.728 GC heap after
Heap after GC invocations=3 (full 0):
 PSYoungGen      total 28672K, used 4094K [0x00000000e0400000, 0x00000000e2400000, 0x0000000100000000)
  eden space 24576K, 0% used [0x00000000e0400000,0x00000000e0400000,0x00000000e1c00000)
  from space 4096K, 99% used [0x00000000e1c00000,0x00000000e1fff848,0x00000000e2000000)
  to   space 4096K, 0% used [0x00000000e2000000,0x00000000e2000000,0x00000000e2400000)
 ParOldGen       total 65536K, used 2815K [0x00000000a0c00000, 0x00000000a4c00000, 0x00000000e0400000)
  object space 65536K, 4% used [0x00000000a0c00000,0x00000000a0ebfc80,0x00000000a4c00000)
 Metaspace       used 17009K, capacity 17250K, committed 17408K, reserved 1064960K
  class space    used 2184K, capacity 2255K, committed 2304K, reserved 1048576K
}
Event: 11.548 GC heap before
{Heap before GC invocations=4 (full 0):
 PSYoungGen      total 28672K, used 28670K [0x00000000e0400000, 0x00000000e2400000, 0x0000000100000000)
  eden space 24576K, 100% used [0x00000000e0400000,0x00000000e1c00000,0x00000000e1c00000)
  from space 4096K, 99% used [0x00000000e1c00000,0x00000000e1fff848,0x00000000e2000000)
  to   space 4096K, 0% used [0x00000000e2000000,0x00000000e2000000,0x00000000e2400000)
 ParOldGen       total 65536K, used 2815K [0x00000000a0c00000, 0x00000000a4c00000, 0x00000000e0400000)
  object space 65536K, 4% used [0x00000000a0c00000,0x00000000a0ebfc80,0x00000000a4c00000)
 Metaspace       used 20032K, capacity 20310K, committed 20608K, reserved 1067008K
  class space    used 2610K, capacity 2676K, committed 2688K, reserved 1048576K
Event: 11.557 GC heap after
Heap after GC invocations=4 (full 0):
 PSYoungGen      total 28672K, used 4069K [0x00000000e0400000, 0x00000000e2400000, 0x0000000100000000)
  eden space 24576K, 0% used [0x00000000e0400000,0x00000000e0400000,0x00000000e1c00000)
  from space 4096K, 99% used [0x00000000e2000000,0x00000000e23f9418,0x00000000e2400000)
  to   space 4096K, 0% used [0x00000000e1c00000,0x00000000e1c00000,0x00000000e2000000)
 ParOldGen       total 65536K, used 5624K [0x00000000a0c00000, 0x00000000a4c00000, 0x00000000e0400000)
  object space 65536K, 8% used [0x00000000a0c00000,0x00000000a117e3d0,0x00000000a4c00000)
 Metaspace       used 20032K, capacity 20310K, committed 20608K, reserved 1067008K
  class space    used 2610K, capacity 2676K, committed 2688K, reserved 1048576K
}
Event: 11.824 GC heap before
{Heap before GC invocations=5 (full 0):
 PSYoungGen      total 28672K, used 14486K [0x00000000e0400000, 0x00000000e2400000, 0x0000000100000000)
  eden space 24576K, 42% used [0x00000000e0400000,0x00000000e0e2c550,0x00000000e1c00000)
  from space 4096K, 99% used [0x00000000e2000000,0x00000000e23f9418,0x00000000e2400000)
  to   space 4096K, 0% used [0x00000000e1c00000,0x00000000e1c00000,0x00000000e2000000)
 ParOldGen       total 65536K, used 5624K [0x00000000a0c00000, 0x00000000a4c00000, 0x00000000e0400000)
  object space 65536K, 8% used [0x00000000a0c00000,0x00000000a117e3d0,0x00000000a4c00000)
 Metaspace       used 20907K, capacity 21160K, committed 21248K, reserved 1067008K
  class space    used 2732K, capacity 2791K, committed 2816K, reserved 1048576K
Event: 11.835 GC heap after
Heap after GC invocations=5 (full 0):
 PSYoungGen      total 28672K, used 4065K [0x00000000e0400000, 0x00000000e4600000, 0x0000000100000000)
  eden space 24576K, 0% used [0x00000000e0400000,0x00000000e0400000,0x00000000e1c00000)
  from space 4096K, 99% used [0x00000000e1c00000,0x00000000e1ff8550,0x00000000e2000000)
  to   space 9216K, 0% used [0x00000000e3d00000,0x00000000e3d00000,0x00000000e4600000)
 ParOldGen       total 65536K, used 7169K [0x00000000a0c00000, 0x00000000a4c00000, 0x00000000e0400000)
  object space 65536K, 10% used [0x00000000a0c00000,0x00000000a1300540,0x00000000a4c00000)
 Metaspace       used 20907K, capacity 21160K, committed 21248K, reserved 1067008K
  class space    used 2732K, capacity 2791K, committed 2816K, reserved 1048576K
}
Event: 11.835 GC heap before
{Heap before GC invocations=6 (full 1):
 PSYoungGen      total 28672K, used 4065K [0x00000000e0400000, 0x00000000e4600000, 0x0000000100000000)
  eden space 24576K, 0% used [0x00000000e0400000,0x00000000e0400000,0x00000000e1c00000)
  from space 4096K, 99% used [0x00000000e1c00000,0x00000000e1ff8550,0x00000000e2000000)
  to   space 9216K, 0% used [0x00000000e3d00000,0x00000000e3d00000,0x00000000e4600000)
 ParOldGen       total 65536K, used 7169K [0x00000000a0c00000, 0x00000000a4c00000, 0x00000000e0400000)
  object space 65536K, 10% used [0x00000000a0c00000,0x00000000a1300540,0x00000000a4c00000)
 Metaspace       used 20907K, capacity 21160K, committed 21248K, reserved 1067008K
  class space    used 2732K, capacity 2791K, committed 2816K, reserved 1048576K
Event: 11.881 GC heap after
Heap after GC invocations=6 (full 1):
 PSYoungGen      total 28672K, used 0K [0x00000000e0400000, 0x00000000e4600000, 0x0000000100000000)
  eden space 24576K, 0% used [0x00000000e0400000,0x00000000e0400000,0x00000000e1c00000)
  from space 4096K, 0% used [0x00000000e1c00000,0x00000000e1c00000,0x00000000e2000000)
  to   space 9216K, 0% used [0x00000000e3d00000,0x00000000e3d00000,0x00000000e4600000)
 ParOldGen       total 39424K, used 5859K [0x00000000a0c00000, 0x00000000a3280000, 0x00000000e0400000)
  object space 39424K, 14% used [0x00000000a0c00000,0x00000000a11b8eb0,0x00000000a3280000)
 Metaspace       used 20907K, capacity 21160K, committed 21248K, reserved 1067008K
  class space    used 2732K, capacity 2791K, committed 2816K, reserved 1048576K
}

